{"/home/afreenm/Blinklist-axios/src/App.tsx": {"path":"/home/afreenm/Blinklist-axios/src/App.tsx","statementMap":{"0":{"start":{"line":7,"column":2},"end":{"line":15,"column":4}}},"fnMap":{"0":{"name":"App","decl":{"start":{"line":6,"column":9},"end":{"line":6,"column":12}},"loc":{"start":{"line":6,"column":15},"end":{"line":16,"column":1}},"line":6}},"branchMap":{},"s":{"0":0},"f":{"0":0},"b":{}}
,"/home/afreenm/Blinklist-axios/src/AuthApp.tsx": {"path":"/home/afreenm/Blinklist-axios/src/AuthApp.tsx","statementMap":{"0":{"start":{"line":5,"column":23},"end":{"line":16,"column":1}},"1":{"start":{"line":6,"column":2},"end":{"line":15,"column":4}}},"fnMap":{"0":{"name":"(anonymous_0)","decl":{"start":{"line":5,"column":23},"end":{"line":5,"column":24}},"loc":{"start":{"line":5,"column":29},"end":{"line":16,"column":1}},"line":5}},"branchMap":{},"s":{"0":0,"1":0},"f":{"0":0},"b":{}}
,"/home/afreenm/Blinklist-axios/src/index.tsx": {"path":"/home/afreenm/Blinklist-axios/src/index.tsx","statementMap":{"0":{"start":{"line":10,"column":13},"end":{"line":12,"column":1}},"1":{"start":{"line":13,"column":0},"end":{"line":33,"column":2}},"2":{"start":{"line":38,"column":0},"end":{"line":38,"column":18}}},"fnMap":{},"branchMap":{},"s":{"0":0,"1":0,"2":0},"f":{},"b":{}}
,"/home/afreenm/Blinklist-axios/src/reportWebVitals.ts": {"path":"/home/afreenm/Blinklist-axios/src/reportWebVitals.ts","statementMap":{"0":{"start":{"line":3,"column":24},"end":{"line":13,"column":1}},"1":{"start":{"line":4,"column":2},"end":{"line":12,"column":3}},"2":{"start":{"line":5,"column":4},"end":{"line":11,"column":7}},"3":{"start":{"line":6,"column":6},"end":{"line":6,"column":26}},"4":{"start":{"line":7,"column":6},"end":{"line":7,"column":26}},"5":{"start":{"line":8,"column":6},"end":{"line":8,"column":26}},"6":{"start":{"line":9,"column":6},"end":{"line":9,"column":26}},"7":{"start":{"line":10,"column":6},"end":{"line":10,"column":27}}},"fnMap":{"0":{"name":"(anonymous_0)","decl":{"start":{"line":3,"column":24},"end":{"line":3,"column":25}},"loc":{"start":{"line":3,"column":57},"end":{"line":13,"column":1}},"line":3},"1":{"name":"(anonymous_1)","decl":{"start":{"line":5,"column":30},"end":{"line":5,"column":31}},"loc":{"start":{"line":5,"column":79},"end":{"line":11,"column":5}},"line":5}},"branchMap":{"0":{"loc":{"start":{"line":4,"column":2},"end":{"line":12,"column":3}},"type":"if","locations":[{"start":{"line":4,"column":2},"end":{"line":12,"column":3}},{"start":{},"end":{}}],"line":4},"1":{"loc":{"start":{"line":4,"column":6},"end":{"line":4,"column":52}},"type":"binary-expr","locations":[{"start":{"line":4,"column":6},"end":{"line":4,"column":17}},{"start":{"line":4,"column":21},"end":{"line":4,"column":52}}],"line":4}},"s":{"0":0,"1":0,"2":0,"3":0,"4":0,"5":0,"6":0,"7":0},"f":{"0":0,"1":0},"b":{"0":[0,0],"1":[0,0]}}
,"/home/afreenm/Blinklist-axios/src/components/Auth0/Login/index.tsx": {"path":"/home/afreenm/Blinklist-axios/src/components/Auth0/Login/index.tsx","statementMap":{"0":{"start":{"line":4,"column":14},"end":{"line":14,"column":1}},"1":{"start":{"line":5,"column":32},"end":{"line":5,"column":42}},"2":{"start":{"line":6,"column":2},"end":{"line":13,"column":4}},"3":{"start":{"line":9,"column":21},"end":{"line":9,"column":40}}},"fnMap":{"0":{"name":"(anonymous_0)","decl":{"start":{"line":4,"column":14},"end":{"line":4,"column":15}},"loc":{"start":{"line":4,"column":20},"end":{"line":14,"column":1}},"line":4},"1":{"name":"(anonymous_1)","decl":{"start":{"line":9,"column":15},"end":{"line":9,"column":16}},"loc":{"start":{"line":9,"column":21},"end":{"line":9,"column":40}},"line":9}},"branchMap":{},"s":{"0":0,"1":0,"2":0,"3":0},"f":{"0":0,"1":0},"b":{}}
,"/home/afreenm/Blinklist-axios/src/components/Auth0/Logout/index.tsx": {"path":"/home/afreenm/Blinklist-axios/src/components/Auth0/Logout/index.tsx","statementMap":{"0":{"start":{"line":4,"column":15},"end":{"line":14,"column":1}},"1":{"start":{"line":5,"column":21},"end":{"line":5,"column":31}},"2":{"start":{"line":6,"column":2},"end":{"line":13,"column":4}},"3":{"start":{"line":9,"column":21},"end":{"line":9,"column":65}}},"fnMap":{"0":{"name":"(anonymous_0)","decl":{"start":{"line":4,"column":15},"end":{"line":4,"column":16}},"loc":{"start":{"line":4,"column":21},"end":{"line":14,"column":1}},"line":4},"1":{"name":"(anonymous_1)","decl":{"start":{"line":9,"column":15},"end":{"line":9,"column":16}},"loc":{"start":{"line":9,"column":21},"end":{"line":9,"column":65}},"line":9}},"branchMap":{},"s":{"0":0,"1":0,"2":0,"3":0},"f":{"0":0,"1":0},"b":{}}
,"/home/afreenm/Blinklist-axios/src/components/Auth0/Profile/index.tsx": {"path":"/home/afreenm/Blinklist-axios/src/components/Auth0/Profile/index.tsx","statementMap":{"0":{"start":{"line":4,"column":16},"end":{"line":8,"column":1}},"1":{"start":{"line":5,"column":30},"end":{"line":5,"column":40}},"2":{"start":{"line":7,"column":2},"end":{"line":7,"column":43}}},"fnMap":{"0":{"name":"(anonymous_0)","decl":{"start":{"line":4,"column":16},"end":{"line":4,"column":17}},"loc":{"start":{"line":4,"column":22},"end":{"line":8,"column":1}},"line":4}},"branchMap":{"0":{"loc":{"start":{"line":7,"column":9},"end":{"line":7,"column":42}},"type":"cond-expr","locations":[{"start":{"line":7,"column":27},"end":{"line":7,"column":34}},{"start":{"line":7,"column":37},"end":{"line":7,"column":42}}],"line":7}},"s":{"0":0,"1":0,"2":0},"f":{"0":0},"b":{"0":[0,0]}}
,"/home/afreenm/Blinklist-axios/src/components/Organisms/BeyondEntrepreneurship/index.tsx": {"path":"/home/afreenm/Blinklist-axios/src/components/Organisms/BeyondEntrepreneurship/index.tsx","statementMap":{"0":{"start":{"line":19,"column":14},"end":{"line":28,"column":2}},"1":{"start":{"line":30,"column":18},"end":{"line":164,"column":2}},"2":{"start":{"line":166,"column":42},"end":{"line":178,"column":1}},"3":{"start":{"line":167,"column":18},"end":{"line":167,"column":29}},"4":{"start":{"line":168,"column":2},"end":{"line":177,"column":4}},"5":{"start":{"line":180,"column":38},"end":{"line":196,"column":1}},"6":{"start":{"line":181,"column":18},"end":{"line":181,"column":29}},"7":{"start":{"line":182,"column":2},"end":{"line":195,"column":4}},"8":{"start":{"line":197,"column":42},"end":{"line":238,"column":1}},"9":{"start":{"line":198,"column":28},"end":{"line":198,"column":39}},"10":{"start":{"line":200,"column":23},"end":{"line":205,"column":3}},"11":{"start":{"line":204,"column":4},"end":{"line":204,"column":23}},"12":{"start":{"line":207,"column":18},"end":{"line":207,"column":29}},"13":{"start":{"line":208,"column":2},"end":{"line":237,"column":4}},"14":{"start":{"line":239,"column":46},"end":{"line":252,"column":1}},"15":{"start":{"line":240,"column":18},"end":{"line":240,"column":29}},"16":{"start":{"line":241,"column":2},"end":{"line":251,"column":4}},"17":{"start":{"line":254,"column":41},"end":{"line":319,"column":1}},"18":{"start":{"line":255,"column":18},"end":{"line":255,"column":29}},"19":{"start":{"line":256,"column":50},"end":{"line":256,"column":62}},"20":{"start":{"line":257,"column":2},"end":{"line":257,"column":32}},"21":{"start":{"line":258,"column":2},"end":{"line":262,"column":9}},"22":{"start":{"line":259,"column":4},"end":{"line":261,"column":7}},"23":{"start":{"line":260,"column":6},"end":{"line":260,"column":36}},"24":{"start":{"line":263,"column":48},"end":{"line":263,"column":60}},"25":{"start":{"line":264,"column":2},"end":{"line":268,"column":9}},"26":{"start":{"line":265,"column":4},"end":{"line":267,"column":7}},"27":{"start":{"line":266,"column":6},"end":{"line":266,"column":35}},"28":{"start":{"line":269,"column":61},"end":{"line":285,"column":3}},"29":{"start":{"line":272,"column":4},"end":{"line":281,"column":9}},"30":{"start":{"line":272,"column":53},"end":{"line":272,"column":67}},"31":{"start":{"line":282,"column":4},"end":{"line":284,"column":7}},"32":{"start":{"line":283,"column":6},"end":{"line":283,"column":28}},"33":{"start":{"line":286,"column":2},"end":{"line":318,"column":4}},"34":{"start":{"line":296,"column":60},"end":{"line":296,"column":74}},"35":{"start":{"line":321,"column":56},"end":{"line":374,"column":1}},"36":{"start":{"line":322,"column":18},"end":{"line":322,"column":29}},"37":{"start":{"line":324,"column":2},"end":{"line":373,"column":4}}},"fnMap":{"0":{"name":"(anonymous_0)","decl":{"start":{"line":166,"column":42},"end":{"line":166,"column":43}},"loc":{"start":{"line":166,"column":48},"end":{"line":178,"column":1}},"line":166},"1":{"name":"(anonymous_1)","decl":{"start":{"line":180,"column":38},"end":{"line":180,"column":39}},"loc":{"start":{"line":180,"column":44},"end":{"line":196,"column":1}},"line":180},"2":{"name":"(anonymous_2)","decl":{"start":{"line":197,"column":42},"end":{"line":197,"column":43}},"loc":{"start":{"line":197,"column":48},"end":{"line":238,"column":1}},"line":197},"3":{"name":"(anonymous_3)","decl":{"start":{"line":200,"column":23},"end":{"line":200,"column":24}},"loc":{"start":{"line":203,"column":7},"end":{"line":205,"column":3}},"line":203},"4":{"name":"(anonymous_4)","decl":{"start":{"line":239,"column":46},"end":{"line":239,"column":47}},"loc":{"start":{"line":239,"column":52},"end":{"line":252,"column":1}},"line":239},"5":{"name":"(anonymous_5)","decl":{"start":{"line":254,"column":41},"end":{"line":254,"column":42}},"loc":{"start":{"line":254,"column":47},"end":{"line":319,"column":1}},"line":254},"6":{"name":"(anonymous_6)","decl":{"start":{"line":258,"column":12},"end":{"line":258,"column":13}},"loc":{"start":{"line":258,"column":18},"end":{"line":262,"column":3}},"line":258},"7":{"name":"(anonymous_7)","decl":{"start":{"line":259,"column":61},"end":{"line":259,"column":62}},"loc":{"start":{"line":259,"column":70},"end":{"line":261,"column":5}},"line":259},"8":{"name":"(anonymous_8)","decl":{"start":{"line":264,"column":12},"end":{"line":264,"column":13}},"loc":{"start":{"line":264,"column":18},"end":{"line":268,"column":3}},"line":264},"9":{"name":"(anonymous_9)","decl":{"start":{"line":265,"column":60},"end":{"line":265,"column":61}},"loc":{"start":{"line":265,"column":69},"end":{"line":267,"column":5}},"line":265},"10":{"name":"(anonymous_10)","decl":{"start":{"line":269,"column":61},"end":{"line":269,"column":62}},"loc":{"start":{"line":271,"column":7},"end":{"line":285,"column":3}},"line":271},"11":{"name":"(anonymous_11)","decl":{"start":{"line":272,"column":27},"end":{"line":272,"column":28}},"loc":{"start":{"line":272,"column":53},"end":{"line":272,"column":67}},"line":272},"12":{"name":"(anonymous_12)","decl":{"start":{"line":282,"column":67},"end":{"line":282,"column":68}},"loc":{"start":{"line":282,"column":76},"end":{"line":284,"column":5}},"line":282},"13":{"name":"(anonymous_13)","decl":{"start":{"line":296,"column":34},"end":{"line":296,"column":35}},"loc":{"start":{"line":296,"column":60},"end":{"line":296,"column":74}},"line":296},"14":{"name":"(anonymous_14)","decl":{"start":{"line":321,"column":56},"end":{"line":321,"column":57}},"loc":{"start":{"line":321,"column":62},"end":{"line":374,"column":1}},"line":321}},"branchMap":{"0":{"loc":{"start":{"line":235,"column":7},"end":{"line":235,"column":30}},"type":"binary-expr","locations":[{"start":{"line":235,"column":7},"end":{"line":235,"column":18}},{"start":{"line":235,"column":22},"end":{"line":235,"column":30}}],"line":235},"1":{"loc":{"start":{"line":272,"column":4},"end":{"line":281,"column":8}},"type":"binary-expr","locations":[{"start":{"line":272,"column":4},"end":{"line":273,"column":7}},{"start":{"line":274,"column":6},"end":{"line":281,"column":8}}],"line":272},"2":{"loc":{"start":{"line":296,"column":11},"end":{"line":311,"column":11}},"type":"binary-expr","locations":[{"start":{"line":296,"column":11},"end":{"line":297,"column":25}},{"start":{"line":298,"column":12},"end":{"line":310,"column":19}}],"line":296}},"s":{"0":1,"1":1,"2":1,"3":4,"4":4,"5":1,"6":4,"7":4,"8":1,"9":4,"10":4,"11":0,"12":4,"13":4,"14":1,"15":4,"16":4,"17":1,"18":4,"19":4,"20":4,"21":4,"22":4,"23":0,"24":4,"25":4,"26":4,"27":0,"28":4,"29":0,"30":0,"31":0,"32":0,"33":4,"34":0,"35":1,"36":4,"37":4},"f":{"0":4,"1":4,"2":4,"3":0,"4":4,"5":4,"6":4,"7":0,"8":4,"9":0,"10":0,"11":0,"12":0,"13":0,"14":4},"b":{"0":[4,4],"1":[0,0],"2":[4,4]},"_coverageSchema":"1a1c01bbd47fc00a2c39e90264f33305004495a9","hash":"da9fd70d53753e0a15065265df7e81b1182a7349"}
,"/home/afreenm/Blinklist-axios/src/components/Organisms/Explore/index.stories.tsx": {"path":"/home/afreenm/Blinklist-axios/src/components/Organisms/Explore/index.stories.tsx","statementMap":{"0":{"start":{"line":10,"column":49},"end":{"line":15,"column":1}},"1":{"start":{"line":11,"column":2},"end":{"line":14,"column":18}},"2":{"start":{"line":17,"column":23},"end":{"line":17,"column":40}}},"fnMap":{"0":{"name":"(anonymous_0)","decl":{"start":{"line":10,"column":49},"end":{"line":10,"column":50}},"loc":{"start":{"line":11,"column":2},"end":{"line":14,"column":18}},"line":11}},"branchMap":{},"s":{"0":0,"1":0,"2":0},"f":{"0":0},"b":{}}
,"/home/afreenm/Blinklist-axios/src/components/Organisms/Explore/index.tsx": {"path":"/home/afreenm/Blinklist-axios/src/components/Organisms/Explore/index.tsx","statementMap":{"0":{"start":{"line":8,"column":18},"end":{"line":25,"column":2}},"1":{"start":{"line":27,"column":51},"end":{"line":53,"column":1}},"2":{"start":{"line":28,"column":18},"end":{"line":28,"column":29}},"3":{"start":{"line":30,"column":2},"end":{"line":52,"column":4}}},"fnMap":{"0":{"name":"(anonymous_0)","decl":{"start":{"line":27,"column":51},"end":{"line":27,"column":52}},"loc":{"start":{"line":27,"column":57},"end":{"line":53,"column":1}},"line":27}},"branchMap":{},"s":{"0":2,"1":2,"2":5,"3":5},"f":{"0":5},"b":{},"_coverageSchema":"1a1c01bbd47fc00a2c39e90264f33305004495a9","hash":"07b4d788f083992ef6f9c2792399d39f003447ef"}
,"/home/afreenm/Blinklist-axios/src/components/Organisms/ExploreBooks/index.stories.tsx": {"path":"/home/afreenm/Blinklist-axios/src/components/Organisms/ExploreBooks/index.stories.tsx","statementMap":{"0":{"start":{"line":9,"column":54},"end":{"line":11,"column":1}},"1":{"start":{"line":10,"column":2},"end":{"line":10,"column":28}},"2":{"start":{"line":13,"column":33},"end":{"line":13,"column":50}}},"fnMap":{"0":{"name":"(anonymous_0)","decl":{"start":{"line":9,"column":54},"end":{"line":9,"column":55}},"loc":{"start":{"line":10,"column":2},"end":{"line":10,"column":28}},"line":10}},"branchMap":{},"s":{"0":0,"1":0,"2":0},"f":{"0":0},"b":{}}
,"/home/afreenm/Blinklist-axios/src/components/Organisms/ExploreBooks/index.tsx": {"path":"/home/afreenm/Blinklist-axios/src/components/Organisms/ExploreBooks/index.tsx","statementMap":{"0":{"start":{"line":4,"column":18},"end":{"line":52,"column":2}},"1":{"start":{"line":53,"column":46},"end":{"line":87,"column":1}},"2":{"start":{"line":54,"column":18},"end":{"line":54,"column":29}},"3":{"start":{"line":56,"column":2},"end":{"line":86,"column":4}}},"fnMap":{"0":{"name":"(anonymous_0)","decl":{"start":{"line":53,"column":46},"end":{"line":53,"column":47}},"loc":{"start":{"line":53,"column":52},"end":{"line":87,"column":1}},"line":53}},"branchMap":{},"s":{"0":1,"1":1,"2":1,"3":1},"f":{"0":1},"b":{},"_coverageSchema":"1a1c01bbd47fc00a2c39e90264f33305004495a9","hash":"12136e7fcafc42ecb326be6d0147461c8a347703"}
,"/home/afreenm/Blinklist-axios/src/components/Organisms/ExploreByCategory/index.stories.tsx": {"path":"/home/afreenm/Blinklist-axios/src/components/Organisms/ExploreByCategory/index.stories.tsx","statementMap":{"0":{"start":{"line":10,"column":59},"end":{"line":15,"column":1}},"1":{"start":{"line":11,"column":2},"end":{"line":14,"column":18}},"2":{"start":{"line":17,"column":35},"end":{"line":17,"column":52}}},"fnMap":{"0":{"name":"(anonymous_0)","decl":{"start":{"line":10,"column":59},"end":{"line":10,"column":60}},"loc":{"start":{"line":11,"column":2},"end":{"line":14,"column":18}},"line":11}},"branchMap":{},"s":{"0":0,"1":0,"2":0},"f":{"0":0},"b":{}}
,"/home/afreenm/Blinklist-axios/src/components/Organisms/ExploreByCategory/index.tsx": {"path":"/home/afreenm/Blinklist-axios/src/components/Organisms/ExploreByCategory/index.tsx","statementMap":{"0":{"start":{"line":12,"column":18},"end":{"line":29,"column":2}},"1":{"start":{"line":31,"column":51},"end":{"line":107,"column":1}},"2":{"start":{"line":32,"column":18},"end":{"line":32,"column":29}},"3":{"start":{"line":33,"column":2},"end":{"line":106,"column":4}}},"fnMap":{"0":{"name":"(anonymous_0)","decl":{"start":{"line":31,"column":51},"end":{"line":31,"column":52}},"loc":{"start":{"line":31,"column":57},"end":{"line":107,"column":1}},"line":31}},"branchMap":{},"s":{"0":3,"1":3,"2":8,"3":8},"f":{"0":8},"b":{},"_coverageSchema":"1a1c01bbd47fc00a2c39e90264f33305004495a9","hash":"9670d2fec84aec0b0d388997160bb83c41a33832"}
,"/home/afreenm/Blinklist-axios/src/components/Organisms/Footer/currentBookFooter/index.stories.tsx": {"path":"/home/afreenm/Blinklist-axios/src/components/Organisms/Footer/currentBookFooter/index.stories.tsx","statementMap":{"0":{"start":{"line":9,"column":48},"end":{"line":9,"column":78}},"1":{"start":{"line":9,"column":58},"end":{"line":9,"column":78}},"2":{"start":{"line":11,"column":27},"end":{"line":11,"column":44}}},"fnMap":{"0":{"name":"(anonymous_0)","decl":{"start":{"line":9,"column":48},"end":{"line":9,"column":49}},"loc":{"start":{"line":9,"column":58},"end":{"line":9,"column":78}},"line":9}},"branchMap":{},"s":{"0":0,"1":0,"2":0},"f":{"0":0},"b":{}}
,"/home/afreenm/Blinklist-axios/src/components/Organisms/Footer/currentBookFooter/index.tsx": {"path":"/home/afreenm/Blinklist-axios/src/components/Organisms/Footer/currentBookFooter/index.tsx","statementMap":{"0":{"start":{"line":4,"column":18},"end":{"line":86,"column":2}},"1":{"start":{"line":88,"column":47},"end":{"line":256,"column":1}},"2":{"start":{"line":89,"column":18},"end":{"line":89,"column":29}},"3":{"start":{"line":90,"column":2},"end":{"line":255,"column":4}}},"fnMap":{"0":{"name":"(anonymous_0)","decl":{"start":{"line":88,"column":47},"end":{"line":88,"column":48}},"loc":{"start":{"line":88,"column":53},"end":{"line":256,"column":1}},"line":88}},"branchMap":{},"s":{"0":1,"1":1,"2":5,"3":5},"f":{"0":5},"b":{},"_coverageSchema":"1a1c01bbd47fc00a2c39e90264f33305004495a9","hash":"c2661b54403b95f7dfdc7939379e7743868cebe0"}
,"/home/afreenm/Blinklist-axios/src/components/Organisms/GridOfBooks/BooksGrid/index.tsx": {"path":"/home/afreenm/Blinklist-axios/src/components/Organisms/GridOfBooks/BooksGrid/index.tsx","statementMap":{"0":{"start":{"line":6,"column":18},"end":{"line":13,"column":2}},"1":{"start":{"line":19,"column":59},"end":{"line":64,"column":1}},"2":{"start":{"line":20,"column":18},"end":{"line":20,"column":29}},"3":{"start":{"line":21,"column":28},"end":{"line":21,"column":39}},"4":{"start":{"line":22,"column":50},"end":{"line":22,"column":62}},"5":{"start":{"line":23,"column":2},"end":{"line":27,"column":9}},"6":{"start":{"line":24,"column":4},"end":{"line":26,"column":7}},"7":{"start":{"line":25,"column":6},"end":{"line":25,"column":36}},"8":{"start":{"line":29,"column":2},"end":{"line":29,"column":37}},"9":{"start":{"line":29,"column":25},"end":{"line":29,"column":37}},"10":{"start":{"line":30,"column":2},"end":{"line":63,"column":4}},"11":{"start":{"line":35,"column":12},"end":{"line":35,"column":77}},"12":{"start":{"line":45,"column":14},"end":{"line":57,"column":21}},"13":{"start":{"line":55,"column":34},"end":{"line":55,"column":53}}},"fnMap":{"0":{"name":"(anonymous_0)","decl":{"start":{"line":19,"column":59},"end":{"line":19,"column":60}},"loc":{"start":{"line":19,"column":79},"end":{"line":64,"column":1}},"line":19},"1":{"name":"(anonymous_1)","decl":{"start":{"line":23,"column":12},"end":{"line":23,"column":13}},"loc":{"start":{"line":23,"column":18},"end":{"line":27,"column":3}},"line":23},"2":{"name":"(anonymous_2)","decl":{"start":{"line":24,"column":61},"end":{"line":24,"column":62}},"loc":{"start":{"line":24,"column":70},"end":{"line":26,"column":5}},"line":24},"3":{"name":"(anonymous_3)","decl":{"start":{"line":34,"column":35},"end":{"line":34,"column":36}},"loc":{"start":{"line":35,"column":12},"end":{"line":35,"column":77}},"line":35},"4":{"name":"(anonymous_4)","decl":{"start":{"line":37,"column":12},"end":{"line":37,"column":13}},"loc":{"start":{"line":45,"column":14},"end":{"line":57,"column":21}},"line":45},"5":{"name":"(anonymous_5)","decl":{"start":{"line":55,"column":28},"end":{"line":55,"column":29}},"loc":{"start":{"line":55,"column":34},"end":{"line":55,"column":53}},"line":55}},"branchMap":{"0":{"loc":{"start":{"line":29,"column":2},"end":{"line":29,"column":37}},"type":"if","locations":[{"start":{"line":29,"column":2},"end":{"line":29,"column":37}},{"start":{},"end":{}}],"line":29}},"s":{"0":0,"1":0,"2":0,"3":0,"4":0,"5":0,"6":0,"7":0,"8":0,"9":0,"10":0,"11":0,"12":0,"13":0},"f":{"0":0,"1":0,"2":0,"3":0,"4":0,"5":0},"b":{"0":[0,0]}}
,"/home/afreenm/Blinklist-axios/src/components/Organisms/GridOfBooks/FinishedBooksGrid/index.tsx": {"path":"/home/afreenm/Blinklist-axios/src/components/Organisms/GridOfBooks/FinishedBooksGrid/index.tsx","statementMap":{"0":{"start":{"line":6,"column":18},"end":{"line":13,"column":2}},"1":{"start":{"line":17,"column":58},"end":{"line":60,"column":1}},"2":{"start":{"line":18,"column":18},"end":{"line":18,"column":29}},"3":{"start":{"line":19,"column":28},"end":{"line":19,"column":39}},"4":{"start":{"line":20,"column":48},"end":{"line":20,"column":60}},"5":{"start":{"line":21,"column":2},"end":{"line":25,"column":9}},"6":{"start":{"line":22,"column":4},"end":{"line":24,"column":7}},"7":{"start":{"line":23,"column":6},"end":{"line":23,"column":35}},"8":{"start":{"line":26,"column":2},"end":{"line":59,"column":4}},"9":{"start":{"line":31,"column":12},"end":{"line":31,"column":76}},"10":{"start":{"line":41,"column":14},"end":{"line":53,"column":21}},"11":{"start":{"line":51,"column":34},"end":{"line":51,"column":53}}},"fnMap":{"0":{"name":"(anonymous_0)","decl":{"start":{"line":17,"column":58},"end":{"line":17,"column":59}},"loc":{"start":{"line":17,"column":69},"end":{"line":60,"column":1}},"line":17},"1":{"name":"(anonymous_1)","decl":{"start":{"line":21,"column":12},"end":{"line":21,"column":13}},"loc":{"start":{"line":21,"column":18},"end":{"line":25,"column":3}},"line":21},"2":{"name":"(anonymous_2)","decl":{"start":{"line":22,"column":60},"end":{"line":22,"column":61}},"loc":{"start":{"line":22,"column":69},"end":{"line":24,"column":5}},"line":22},"3":{"name":"(anonymous_3)","decl":{"start":{"line":30,"column":34},"end":{"line":30,"column":35}},"loc":{"start":{"line":31,"column":12},"end":{"line":31,"column":76}},"line":31},"4":{"name":"(anonymous_4)","decl":{"start":{"line":33,"column":12},"end":{"line":33,"column":13}},"loc":{"start":{"line":41,"column":14},"end":{"line":53,"column":21}},"line":41},"5":{"name":"(anonymous_5)","decl":{"start":{"line":51,"column":28},"end":{"line":51,"column":29}},"loc":{"start":{"line":51,"column":34},"end":{"line":51,"column":53}},"line":51}},"branchMap":{},"s":{"0":0,"1":0,"2":0,"3":0,"4":0,"5":0,"6":0,"7":0,"8":0,"9":0,"10":0,"11":0},"f":{"0":0,"1":0,"2":0,"3":0,"4":0,"5":0},"b":{}}
,"/home/afreenm/Blinklist-axios/src/components/Organisms/Headers/currentBookHeader/index.stories.tsx": {"path":"/home/afreenm/Blinklist-axios/src/components/Organisms/Headers/currentBookHeader/index.stories.tsx","statementMap":{"0":{"start":{"line":10,"column":48},"end":{"line":15,"column":1}},"1":{"start":{"line":11,"column":2},"end":{"line":14,"column":18}},"2":{"start":{"line":17,"column":22},"end":{"line":17,"column":39}}},"fnMap":{"0":{"name":"(anonymous_0)","decl":{"start":{"line":10,"column":48},"end":{"line":10,"column":49}},"loc":{"start":{"line":11,"column":2},"end":{"line":14,"column":18}},"line":11}},"branchMap":{},"s":{"0":0,"1":0,"2":0},"f":{"0":0},"b":{}}
,"/home/afreenm/Blinklist-axios/src/components/Organisms/Headers/currentBookHeader/index.tsx": {"path":"/home/afreenm/Blinklist-axios/src/components/Organisms/Headers/currentBookHeader/index.tsx","statementMap":{"0":{"start":{"line":19,"column":14},"end":{"line":25,"column":2}},"1":{"start":{"line":26,"column":18},"end":{"line":96,"column":2}},"2":{"start":{"line":97,"column":15},"end":{"line":178,"column":1}},"3":{"start":{"line":98,"column":18},"end":{"line":98,"column":29}},"4":{"start":{"line":99,"column":28},"end":{"line":99,"column":39}},"5":{"start":{"line":100,"column":23},"end":{"line":106,"column":3}},"6":{"start":{"line":105,"column":4},"end":{"line":105,"column":44}},"7":{"start":{"line":108,"column":17},"end":{"line":108,"column":30}},"8":{"start":{"line":110,"column":22},"end":{"line":112,"column":3}},"9":{"start":{"line":111,"column":4},"end":{"line":111,"column":18}},"10":{"start":{"line":113,"column":2},"end":{"line":177,"column":4}},"11":{"start":{"line":148,"column":30},"end":{"line":148,"column":45}}},"fnMap":{"0":{"name":"(anonymous_0)","decl":{"start":{"line":97,"column":15},"end":{"line":97,"column":16}},"loc":{"start":{"line":97,"column":21},"end":{"line":178,"column":1}},"line":97},"1":{"name":"(anonymous_1)","decl":{"start":{"line":100,"column":23},"end":{"line":100,"column":24}},"loc":{"start":{"line":104,"column":7},"end":{"line":106,"column":3}},"line":104},"2":{"name":"(anonymous_2)","decl":{"start":{"line":110,"column":22},"end":{"line":110,"column":23}},"loc":{"start":{"line":110,"column":28},"end":{"line":112,"column":3}},"line":110},"3":{"name":"(anonymous_3)","decl":{"start":{"line":148,"column":23},"end":{"line":148,"column":24}},"loc":{"start":{"line":148,"column":30},"end":{"line":148,"column":45}},"line":148}},"branchMap":{"0":{"loc":{"start":{"line":105,"column":4},"end":{"line":105,"column":43}},"type":"cond-expr","locations":[{"start":{"line":105,"column":18},"end":{"line":105,"column":29}},{"start":{"line":105,"column":32},"end":{"line":105,"column":43}}],"line":105},"1":{"loc":{"start":{"line":131,"column":19},"end":{"line":135,"column":19}},"type":"binary-expr","locations":[{"start":{"line":131,"column":19},"end":{"line":131,"column":30}},{"start":{"line":132,"column":20},"end":{"line":134,"column":33}}],"line":131},"2":{"loc":{"start":{"line":136,"column":19},"end":{"line":143,"column":19}},"type":"binary-expr","locations":[{"start":{"line":136,"column":19},"end":{"line":136,"column":30}},{"start":{"line":137,"column":20},"end":{"line":142,"column":23}}],"line":136},"3":{"loc":{"start":{"line":173,"column":11},"end":{"line":173,"column":37}},"type":"binary-expr","locations":[{"start":{"line":173,"column":11},"end":{"line":173,"column":22}},{"start":{"line":173,"column":26},"end":{"line":173,"column":37}}],"line":173}},"s":{"0":1,"1":1,"2":1,"3":9,"4":8,"5":8,"6":2,"7":8,"8":8,"9":0,"10":8,"11":2},"f":{"0":9,"1":2,"2":0,"3":2},"b":{"0":[2,0],"1":[8,6],"2":[8,2],"3":[8,2]},"_coverageSchema":"1a1c01bbd47fc00a2c39e90264f33305004495a9","hash":"b0b7a95c4b726204d8f535e843f0799d6479a9c5"}
,"/home/afreenm/Blinklist-axios/src/components/Organisms/RecentTitles/index.tsx": {"path":"/home/afreenm/Blinklist-axios/src/components/Organisms/RecentTitles/index.tsx","statementMap":{"0":{"start":{"line":12,"column":18},"end":{"line":25,"column":2}},"1":{"start":{"line":27,"column":53},"end":{"line":103,"column":1}},"2":{"start":{"line":28,"column":18},"end":{"line":28,"column":29}},"3":{"start":{"line":29,"column":2},"end":{"line":102,"column":4}}},"fnMap":{"0":{"name":"(anonymous_0)","decl":{"start":{"line":27,"column":53},"end":{"line":27,"column":54}},"loc":{"start":{"line":27,"column":59},"end":{"line":103,"column":1}},"line":27}},"branchMap":{},"s":{"0":2,"1":2,"2":5,"3":5},"f":{"0":5},"b":{},"_coverageSchema":"1a1c01bbd47fc00a2c39e90264f33305004495a9","hash":"cb25bbc7b2ce83098fd59deeb80a64fa981d5e67"}
,"/home/afreenm/Blinklist-axios/src/components/Organisms/TrendingBlinks/Blinks/index.tsx": {"path":"/home/afreenm/Blinklist-axios/src/components/Organisms/TrendingBlinks/Blinks/index.tsx","statementMap":{"0":{"start":{"line":12,"column":18},"end":{"line":32,"column":2}},"1":{"start":{"line":45,"column":40},"end":{"line":184,"column":1}},"2":{"start":{"line":46,"column":18},"end":{"line":46,"column":29}},"3":{"start":{"line":47,"column":38},"end":{"line":47,"column":50}},"4":{"start":{"line":48,"column":54},"end":{"line":48,"column":66}},"5":{"start":{"line":49,"column":2},"end":{"line":53,"column":9}},"6":{"start":{"line":50,"column":4},"end":{"line":52,"column":7}},"7":{"start":{"line":51,"column":6},"end":{"line":51,"column":38}},"8":{"start":{"line":54,"column":44},"end":{"line":54,"column":56}},"9":{"start":{"line":55,"column":2},"end":{"line":59,"column":9}},"10":{"start":{"line":56,"column":4},"end":{"line":58,"column":7}},"11":{"start":{"line":57,"column":6},"end":{"line":57,"column":33}},"12":{"start":{"line":60,"column":64},"end":{"line":60,"column":76}},"13":{"start":{"line":61,"column":2},"end":{"line":65,"column":9}},"14":{"start":{"line":62,"column":4},"end":{"line":64,"column":7}},"15":{"start":{"line":63,"column":6},"end":{"line":63,"column":43}},"16":{"start":{"line":67,"column":2},"end":{"line":183,"column":4}},"17":{"start":{"line":73,"column":31},"end":{"line":73,"column":64}},"18":{"start":{"line":97,"column":12},"end":{"line":97,"column":70}},"19":{"start":{"line":99,"column":12},"end":{"line":125,"column":19}},"20":{"start":{"line":138,"column":12},"end":{"line":138,"column":70}},"21":{"start":{"line":140,"column":12},"end":{"line":151,"column":19}},"22":{"start":{"line":163,"column":12},"end":{"line":163,"column":70}},"23":{"start":{"line":165,"column":12},"end":{"line":178,"column":19}}},"fnMap":{"0":{"name":"(anonymous_0)","decl":{"start":{"line":45,"column":40},"end":{"line":45,"column":41}},"loc":{"start":{"line":45,"column":46},"end":{"line":184,"column":1}},"line":45},"1":{"name":"(anonymous_1)","decl":{"start":{"line":49,"column":12},"end":{"line":49,"column":13}},"loc":{"start":{"line":49,"column":18},"end":{"line":53,"column":3}},"line":49},"2":{"name":"(anonymous_2)","decl":{"start":{"line":50,"column":53},"end":{"line":50,"column":54}},"loc":{"start":{"line":50,"column":62},"end":{"line":52,"column":5}},"line":50},"3":{"name":"(anonymous_3)","decl":{"start":{"line":55,"column":12},"end":{"line":55,"column":13}},"loc":{"start":{"line":55,"column":18},"end":{"line":59,"column":3}},"line":55},"4":{"name":"(anonymous_4)","decl":{"start":{"line":56,"column":49},"end":{"line":56,"column":50}},"loc":{"start":{"line":56,"column":58},"end":{"line":58,"column":5}},"line":56},"5":{"name":"(anonymous_5)","decl":{"start":{"line":61,"column":12},"end":{"line":61,"column":13}},"loc":{"start":{"line":61,"column":18},"end":{"line":65,"column":3}},"line":61},"6":{"name":"(anonymous_6)","decl":{"start":{"line":62,"column":53},"end":{"line":62,"column":54}},"loc":{"start":{"line":62,"column":62},"end":{"line":64,"column":5}},"line":62},"7":{"name":"(anonymous_7)","decl":{"start":{"line":73,"column":20},"end":{"line":73,"column":21}},"loc":{"start":{"line":73,"column":31},"end":{"line":73,"column":64}},"line":73},"8":{"name":"(anonymous_8)","decl":{"start":{"line":96,"column":37},"end":{"line":96,"column":38}},"loc":{"start":{"line":97,"column":12},"end":{"line":97,"column":70}},"line":97},"9":{"name":"(anonymous_9)","decl":{"start":{"line":98,"column":16},"end":{"line":98,"column":17}},"loc":{"start":{"line":99,"column":12},"end":{"line":125,"column":19}},"line":99},"10":{"name":"(anonymous_10)","decl":{"start":{"line":137,"column":32},"end":{"line":137,"column":33}},"loc":{"start":{"line":138,"column":12},"end":{"line":138,"column":70}},"line":138},"11":{"name":"(anonymous_11)","decl":{"start":{"line":139,"column":16},"end":{"line":139,"column":17}},"loc":{"start":{"line":140,"column":12},"end":{"line":151,"column":19}},"line":140},"12":{"name":"(anonymous_12)","decl":{"start":{"line":162,"column":42},"end":{"line":162,"column":43}},"loc":{"start":{"line":163,"column":12},"end":{"line":163,"column":70}},"line":163},"13":{"name":"(anonymous_13)","decl":{"start":{"line":164,"column":16},"end":{"line":164,"column":17}},"loc":{"start":{"line":165,"column":12},"end":{"line":178,"column":19}},"line":165}},"branchMap":{"0":{"loc":{"start":{"line":100,"column":15},"end":{"line":124,"column":15}},"type":"cond-expr","locations":[{"start":{"line":101,"column":16},"end":{"line":112,"column":23}},{"start":{"line":114,"column":16},"end":{"line":123,"column":18}}],"line":100},"1":{"loc":{"start":{"line":166,"column":15},"end":{"line":177,"column":15}},"type":"binary-expr","locations":[{"start":{"line":166,"column":15},"end":{"line":166,"column":29}},{"start":{"line":167,"column":16},"end":{"line":176,"column":18}}],"line":166}},"s":{"0":0,"1":0,"2":0,"3":0,"4":0,"5":0,"6":0,"7":0,"8":0,"9":0,"10":0,"11":0,"12":0,"13":0,"14":0,"15":0,"16":0,"17":0,"18":0,"19":0,"20":0,"21":0,"22":0,"23":0},"f":{"0":0,"1":0,"2":0,"3":0,"4":0,"5":0,"6":0,"7":0,"8":0,"9":0,"10":0,"11":0,"12":0,"13":0},"b":{"0":[0,0],"1":[0,0]}}
,"/home/afreenm/Blinklist-axios/src/components/Organisms/popularTitles/index.tsx": {"path":"/home/afreenm/Blinklist-axios/src/components/Organisms/popularTitles/index.tsx","statementMap":{"0":{"start":{"line":12,"column":18},"end":{"line":28,"column":2}},"1":{"start":{"line":29,"column":47},"end":{"line":105,"column":1}},"2":{"start":{"line":30,"column":18},"end":{"line":30,"column":29}},"3":{"start":{"line":31,"column":2},"end":{"line":104,"column":4}}},"fnMap":{"0":{"name":"(anonymous_0)","decl":{"start":{"line":29,"column":47},"end":{"line":29,"column":48}},"loc":{"start":{"line":29,"column":53},"end":{"line":105,"column":1}},"line":29}},"branchMap":{},"s":{"0":2,"1":2,"2":5,"3":5},"f":{"0":5},"b":{},"_coverageSchema":"1a1c01bbd47fc00a2c39e90264f33305004495a9","hash":"889ecfb322f63f914c38ec9de1cac289ab339d63"}
,"/home/afreenm/Blinklist-axios/src/components/Pages/BlinkPage/index.tsx": {"path":"/home/afreenm/Blinklist-axios/src/components/Pages/BlinkPage/index.tsx","statementMap":{"0":{"start":{"line":8,"column":45},"end":{"line":31,"column":1}},"1":{"start":{"line":9,"column":2},"end":{"line":30,"column":4}}},"fnMap":{"0":{"name":"(anonymous_0)","decl":{"start":{"line":8,"column":45},"end":{"line":8,"column":46}},"loc":{"start":{"line":8,"column":51},"end":{"line":31,"column":1}},"line":8}},"branchMap":{},"s":{"0":0,"1":0},"f":{"0":0},"b":{}}
,"/home/afreenm/Blinklist-axios/src/components/Pages/BookDetailViewPage/index.tsx": {"path":"/home/afreenm/Blinklist-axios/src/components/Pages/BookDetailViewPage/index.tsx","statementMap":{"0":{"start":{"line":6,"column":18},"end":{"line":19,"column":2}},"1":{"start":{"line":20,"column":52},"end":{"line":44,"column":1}},"2":{"start":{"line":21,"column":18},"end":{"line":21,"column":29}},"3":{"start":{"line":23,"column":2},"end":{"line":43,"column":4}}},"fnMap":{"0":{"name":"(anonymous_0)","decl":{"start":{"line":20,"column":52},"end":{"line":20,"column":53}},"loc":{"start":{"line":20,"column":58},"end":{"line":44,"column":1}},"line":20}},"branchMap":{},"s":{"0":0,"1":0,"2":0,"3":0},"f":{"0":0},"b":{}}
,"/home/afreenm/Blinklist-axios/src/components/Theme/theme.tsx": {"path":"/home/afreenm/Blinklist-axios/src/components/Theme/theme.tsx","statementMap":{"0":{"start":{"line":3,"column":14},"end":{"line":22,"column":2}}},"fnMap":{},"branchMap":{},"s":{"0":2},"f":{},"b":{},"_coverageSchema":"1a1c01bbd47fc00a2c39e90264f33305004495a9","hash":"133f38b9b34a8c488a41c2779dc3df34282700b6"}
,"/home/afreenm/Blinklist-axios/src/components/Theme/useStyles.tsx": {"path":"/home/afreenm/Blinklist-axios/src/components/Theme/useStyles.tsx","statementMap":{"0":{"start":{"line":3,"column":18},"end":{"line":126,"column":2}}},"fnMap":{},"branchMap":{},"s":{"0":2},"f":{},"b":{},"_coverageSchema":"1a1c01bbd47fc00a2c39e90264f33305004495a9","hash":"86f2f529b4bc10fcbed5b1033fd7d33aa7b26f81"}
,"/home/afreenm/Blinklist-axios/src/components/atoms/MyLibrary/index.stories.tsx": {"path":"/home/afreenm/Blinklist-axios/src/components/atoms/MyLibrary/index.stories.tsx","statementMap":{"0":{"start":{"line":9,"column":51},"end":{"line":9,"column":70}},"1":{"start":{"line":9,"column":57},"end":{"line":9,"column":70}},"2":{"start":{"line":11,"column":25},"end":{"line":11,"column":42}}},"fnMap":{"0":{"name":"(anonymous_0)","decl":{"start":{"line":9,"column":51},"end":{"line":9,"column":52}},"loc":{"start":{"line":9,"column":57},"end":{"line":9,"column":70}},"line":9}},"branchMap":{},"s":{"0":0,"1":0,"2":0},"f":{"0":0},"b":{}}
,"/home/afreenm/Blinklist-axios/src/components/atoms/MyLibrary/index.tsx": {"path":"/home/afreenm/Blinklist-axios/src/components/atoms/MyLibrary/index.tsx","statementMap":{"0":{"start":{"line":9,"column":14},"end":{"line":15,"column":2}},"1":{"start":{"line":16,"column":18},"end":{"line":27,"column":2}},"2":{"start":{"line":28,"column":18},"end":{"line":41,"column":1}},"3":{"start":{"line":29,"column":18},"end":{"line":29,"column":29}},"4":{"start":{"line":30,"column":2},"end":{"line":40,"column":4}}},"fnMap":{"0":{"name":"(anonymous_0)","decl":{"start":{"line":28,"column":18},"end":{"line":28,"column":19}},"loc":{"start":{"line":28,"column":24},"end":{"line":41,"column":1}},"line":28}},"branchMap":{},"s":{"0":1,"1":1,"2":1,"3":1,"4":1},"f":{"0":1},"b":{},"_coverageSchema":"1a1c01bbd47fc00a2c39e90264f33305004495a9","hash":"0def1f0fc5046ebe95c1f86c9645e424432444a6"}
,"/home/afreenm/Blinklist-axios/src/components/atoms/ProgressBar/index.stories.tsx": {"path":"/home/afreenm/Blinklist-axios/src/components/atoms/ProgressBar/index.stories.tsx","statementMap":{"0":{"start":{"line":9,"column":53},"end":{"line":9,"column":74}},"1":{"start":{"line":9,"column":59},"end":{"line":9,"column":74}},"2":{"start":{"line":11,"column":24},"end":{"line":11,"column":41}}},"fnMap":{"0":{"name":"(anonymous_0)","decl":{"start":{"line":9,"column":53},"end":{"line":9,"column":54}},"loc":{"start":{"line":9,"column":59},"end":{"line":9,"column":74}},"line":9}},"branchMap":{},"s":{"0":0,"1":0,"2":0},"f":{"0":0},"b":{}}
,"/home/afreenm/Blinklist-axios/src/components/atoms/ProgressBar/index.tsx": {"path":"/home/afreenm/Blinklist-axios/src/components/atoms/ProgressBar/index.tsx","statementMap":{"0":{"start":{"line":5,"column":18},"end":{"line":22,"column":2}},"1":{"start":{"line":23,"column":45},"end":{"line":34,"column":1}},"2":{"start":{"line":24,"column":18},"end":{"line":24,"column":29}},"3":{"start":{"line":25,"column":2},"end":{"line":33,"column":4}}},"fnMap":{"0":{"name":"(anonymous_0)","decl":{"start":{"line":23,"column":45},"end":{"line":23,"column":46}},"loc":{"start":{"line":23,"column":51},"end":{"line":34,"column":1}},"line":23}},"branchMap":{},"s":{"0":0,"1":0,"2":0,"3":0},"f":{"0":0},"b":{}}
,"/home/afreenm/Blinklist-axios/src/components/molecules/AllTabs/index.stories.tsx": {"path":"/home/afreenm/Blinklist-axios/src/components/molecules/AllTabs/index.stories.tsx","statementMap":{"0":{"start":{"line":9,"column":49},"end":{"line":11,"column":1}},"1":{"start":{"line":10,"column":2},"end":{"line":10,"column":27}},"2":{"start":{"line":13,"column":23},"end":{"line":13,"column":40}}},"fnMap":{"0":{"name":"(anonymous_0)","decl":{"start":{"line":9,"column":49},"end":{"line":9,"column":50}},"loc":{"start":{"line":10,"column":2},"end":{"line":10,"column":27}},"line":10}},"branchMap":{},"s":{"0":0,"1":0,"2":0},"f":{"0":0},"b":{}}
,"/home/afreenm/Blinklist-axios/src/components/molecules/AllTabs/index.tsx": {"path":"/home/afreenm/Blinklist-axios/src/components/molecules/AllTabs/index.tsx","statementMap":{"0":{"start":{"line":15,"column":14},"end":{"line":21,"column":2}},"1":{"start":{"line":23,"column":18},"end":{"line":33,"column":2}},"2":{"start":{"line":38,"column":48},"end":{"line":80,"column":1}},"3":{"start":{"line":39,"column":28},"end":{"line":39,"column":39}},"4":{"start":{"line":41,"column":23},"end":{"line":46,"column":3}},"5":{"start":{"line":45,"column":4},"end":{"line":45,"column":23}},"6":{"start":{"line":48,"column":18},"end":{"line":48,"column":29}},"7":{"start":{"line":49,"column":2},"end":{"line":79,"column":4}}},"fnMap":{"0":{"name":"(anonymous_0)","decl":{"start":{"line":38,"column":48},"end":{"line":38,"column":49}},"loc":{"start":{"line":38,"column":59},"end":{"line":80,"column":1}},"line":38},"1":{"name":"(anonymous_1)","decl":{"start":{"line":41,"column":23},"end":{"line":41,"column":24}},"loc":{"start":{"line":44,"column":7},"end":{"line":46,"column":3}},"line":44}},"branchMap":{"0":{"loc":{"start":{"line":75,"column":7},"end":{"line":75,"column":65}},"type":"binary-expr","locations":[{"start":{"line":75,"column":7},"end":{"line":75,"column":18}},{"start":{"line":75,"column":22},"end":{"line":75,"column":65}}],"line":75},"1":{"loc":{"start":{"line":77,"column":7},"end":{"line":77,"column":73}},"type":"binary-expr","locations":[{"start":{"line":77,"column":7},"end":{"line":77,"column":18}},{"start":{"line":77,"column":22},"end":{"line":77,"column":73}}],"line":77}},"s":{"0":0,"1":0,"2":0,"3":0,"4":0,"5":0,"6":0,"7":0},"f":{"0":0,"1":0},"b":{"0":[0,0],"1":[0,0]}}
,"/home/afreenm/Blinklist-axios/src/components/molecules/BlinkBookCard/index.stories.tsx": {"path":"/home/afreenm/Blinklist-axios/src/components/molecules/BlinkBookCard/index.stories.tsx","statementMap":{"0":{"start":{"line":9,"column":50},"end":{"line":11,"column":1}},"1":{"start":{"line":10,"column":2},"end":{"line":10,"column":33}},"2":{"start":{"line":13,"column":31},"end":{"line":13,"column":48}},"3":{"start":{"line":14,"column":0},"end":{"line":21,"column":2}}},"fnMap":{"0":{"name":"(anonymous_0)","decl":{"start":{"line":9,"column":50},"end":{"line":9,"column":51}},"loc":{"start":{"line":10,"column":2},"end":{"line":10,"column":33}},"line":10}},"branchMap":{},"s":{"0":0,"1":0,"2":0,"3":0},"f":{"0":0},"b":{}}
,"/home/afreenm/Blinklist-axios/src/components/molecules/BlinkBookCard/index.tsx": {"path":"/home/afreenm/Blinklist-axios/src/components/molecules/BlinkBookCard/index.tsx","statementMap":{"0":{"start":{"line":27,"column":62},"end":{"line":62,"column":1}},"1":{"start":{"line":28,"column":18},"end":{"line":28,"column":29}},"2":{"start":{"line":30,"column":2},"end":{"line":61,"column":4}}},"fnMap":{"0":{"name":"(anonymous_0)","decl":{"start":{"line":27,"column":62},"end":{"line":27,"column":63}},"loc":{"start":{"line":27,"column":73},"end":{"line":62,"column":1}},"line":27}},"branchMap":{},"s":{"0":1,"1":1,"2":1},"f":{"0":1},"b":{},"_coverageSchema":"1a1c01bbd47fc00a2c39e90264f33305004495a9","hash":"a8e8dd7fe71886005114bda553c49a4470036249"}
,"/home/afreenm/Blinklist-axios/src/components/molecules/BookCard/index.stories.tsx": {"path":"/home/afreenm/Blinklist-axios/src/components/molecules/BookCard/index.stories.tsx","statementMap":{"0":{"start":{"line":9,"column":51},"end":{"line":11,"column":1}},"1":{"start":{"line":10,"column":2},"end":{"line":10,"column":33}},"2":{"start":{"line":13,"column":28},"end":{"line":13,"column":46}},"3":{"start":{"line":14,"column":0},"end":{"line":20,"column":2}}},"fnMap":{"0":{"name":"(anonymous_0)","decl":{"start":{"line":9,"column":51},"end":{"line":9,"column":52}},"loc":{"start":{"line":10,"column":2},"end":{"line":10,"column":33}},"line":10}},"branchMap":{},"s":{"0":0,"1":0,"2":0,"3":0},"f":{"0":0},"b":{}}
,"/home/afreenm/Blinklist-axios/src/components/molecules/BookCard/index.tsx": {"path":"/home/afreenm/Blinklist-axios/src/components/molecules/BookCard/index.tsx","statementMap":{"0":{"start":{"line":29,"column":57},"end":{"line":142,"column":1}},"1":{"start":{"line":30,"column":18},"end":{"line":30,"column":29}},"2":{"start":{"line":31,"column":50},"end":{"line":31,"column":62}},"3":{"start":{"line":32,"column":2},"end":{"line":36,"column":9}},"4":{"start":{"line":33,"column":4},"end":{"line":35,"column":7}},"5":{"start":{"line":34,"column":6},"end":{"line":34,"column":36}},"6":{"start":{"line":37,"column":48},"end":{"line":37,"column":60}},"7":{"start":{"line":38,"column":2},"end":{"line":42,"column":9}},"8":{"start":{"line":39,"column":4},"end":{"line":41,"column":7}},"9":{"start":{"line":40,"column":6},"end":{"line":40,"column":35}},"10":{"start":{"line":43,"column":22},"end":{"line":96,"column":3}},"11":{"start":{"line":47,"column":4},"end":{"line":95,"column":5}},"12":{"start":{"line":48,"column":26},"end":{"line":57,"column":7}},"13":{"start":{"line":56,"column":14},"end":{"line":56,"column":28}},"14":{"start":{"line":58,"column":6},"end":{"line":58,"column":74}},"15":{"start":{"line":59,"column":19},"end":{"line":61,"column":7}},"16":{"start":{"line":60,"column":34},"end":{"line":60,"column":48}},"17":{"start":{"line":63,"column":20},"end":{"line":63,"column":33}},"18":{"start":{"line":64,"column":6},"end":{"line":64,"column":70}},"19":{"start":{"line":65,"column":6},"end":{"line":65,"column":31}},"20":{"start":{"line":66,"column":6},"end":{"line":66,"column":23}},"21":{"start":{"line":68,"column":27},"end":{"line":77,"column":7}},"22":{"start":{"line":76,"column":14},"end":{"line":76,"column":34}},"23":{"start":{"line":78,"column":6},"end":{"line":82,"column":11}},"24":{"start":{"line":81,"column":10},"end":{"line":81,"column":32}},"25":{"start":{"line":83,"column":19},"end":{"line":85,"column":7}},"26":{"start":{"line":84,"column":34},"end":{"line":84,"column":54}},"27":{"start":{"line":87,"column":21},"end":{"line":87,"column":36}},"28":{"start":{"line":88,"column":6},"end":{"line":92,"column":11}},"29":{"start":{"line":91,"column":10},"end":{"line":91,"column":32}},"30":{"start":{"line":93,"column":6},"end":{"line":93,"column":31}},"31":{"start":{"line":94,"column":6},"end":{"line":94,"column":23}},"32":{"start":{"line":97,"column":2},"end":{"line":141,"column":4}},"33":{"start":{"line":124,"column":32},"end":{"line":124,"column":60}}},"fnMap":{"0":{"name":"(anonymous_0)","decl":{"start":{"line":29,"column":57},"end":{"line":29,"column":58}},"loc":{"start":{"line":29,"column":68},"end":{"line":142,"column":1}},"line":29},"1":{"name":"(anonymous_1)","decl":{"start":{"line":32,"column":12},"end":{"line":32,"column":13}},"loc":{"start":{"line":32,"column":18},"end":{"line":36,"column":3}},"line":32},"2":{"name":"(anonymous_2)","decl":{"start":{"line":33,"column":61},"end":{"line":33,"column":62}},"loc":{"start":{"line":33,"column":70},"end":{"line":35,"column":5}},"line":33},"3":{"name":"(anonymous_3)","decl":{"start":{"line":38,"column":12},"end":{"line":38,"column":13}},"loc":{"start":{"line":38,"column":18},"end":{"line":42,"column":3}},"line":38},"4":{"name":"(anonymous_4)","decl":{"start":{"line":39,"column":60},"end":{"line":39,"column":61}},"loc":{"start":{"line":39,"column":69},"end":{"line":41,"column":5}},"line":39},"5":{"name":"(anonymous_5)","decl":{"start":{"line":43,"column":22},"end":{"line":43,"column":23}},"loc":{"start":{"line":46,"column":7},"end":{"line":96,"column":3}},"line":46},"6":{"name":"(anonymous_6)","decl":{"start":{"line":49,"column":8},"end":{"line":49,"column":9}},"loc":{"start":{"line":56,"column":14},"end":{"line":56,"column":28}},"line":56},"7":{"name":"(anonymous_7)","decl":{"start":{"line":60,"column":8},"end":{"line":60,"column":9}},"loc":{"start":{"line":60,"column":34},"end":{"line":60,"column":48}},"line":60},"8":{"name":"(anonymous_8)","decl":{"start":{"line":69,"column":8},"end":{"line":69,"column":9}},"loc":{"start":{"line":76,"column":14},"end":{"line":76,"column":34}},"line":76},"9":{"name":"(anonymous_9)","decl":{"start":{"line":80,"column":14},"end":{"line":80,"column":15}},"loc":{"start":{"line":80,"column":23},"end":{"line":82,"column":9}},"line":80},"10":{"name":"(anonymous_10)","decl":{"start":{"line":84,"column":8},"end":{"line":84,"column":9}},"loc":{"start":{"line":84,"column":34},"end":{"line":84,"column":54}},"line":84},"11":{"name":"(anonymous_11)","decl":{"start":{"line":90,"column":14},"end":{"line":90,"column":15}},"loc":{"start":{"line":90,"column":23},"end":{"line":92,"column":9}},"line":90},"12":{"name":"(anonymous_12)","decl":{"start":{"line":124,"column":21},"end":{"line":124,"column":22}},"loc":{"start":{"line":124,"column":32},"end":{"line":124,"column":60}},"line":124}},"branchMap":{"0":{"loc":{"start":{"line":47,"column":4},"end":{"line":95,"column":5}},"type":"if","locations":[{"start":{"line":47,"column":4},"end":{"line":95,"column":5}},{"start":{"line":67,"column":11},"end":{"line":95,"column":5}}],"line":47}},"s":{"0":1,"1":5,"2":5,"3":5,"4":5,"5":0,"6":5,"7":5,"8":5,"9":0,"10":5,"11":0,"12":0,"13":0,"14":0,"15":0,"16":0,"17":0,"18":0,"19":0,"20":0,"21":0,"22":0,"23":0,"24":0,"25":0,"26":0,"27":0,"28":0,"29":0,"30":0,"31":0,"32":5,"33":0},"f":{"0":5,"1":5,"2":0,"3":5,"4":0,"5":0,"6":0,"7":0,"8":0,"9":0,"10":0,"11":0,"12":0},"b":{"0":[0,0]},"_coverageSchema":"1a1c01bbd47fc00a2c39e90264f33305004495a9","hash":"7aefede811fcfe3233e14bdf5b128bc9ed2097eb"}
,"/home/afreenm/Blinklist-axios/src/components/molecules/Category/index.stories.tsx": {"path":"/home/afreenm/Blinklist-axios/src/components/molecules/Category/index.stories.tsx","statementMap":{"0":{"start":{"line":11,"column":50},"end":{"line":16,"column":1}},"1":{"start":{"line":12,"column":2},"end":{"line":15,"column":18}},"2":{"start":{"line":18,"column":29},"end":{"line":18,"column":46}},"3":{"start":{"line":19,"column":0},"end":{"line":22,"column":2}}},"fnMap":{"0":{"name":"(anonymous_0)","decl":{"start":{"line":11,"column":50},"end":{"line":11,"column":51}},"loc":{"start":{"line":12,"column":2},"end":{"line":15,"column":18}},"line":12}},"branchMap":{},"s":{"0":0,"1":0,"2":0,"3":0},"f":{"0":0},"b":{}}
,"/home/afreenm/Blinklist-axios/src/components/molecules/Category/index.tsx": {"path":"/home/afreenm/Blinklist-axios/src/components/molecules/Category/index.tsx","statementMap":{"0":{"start":{"line":9,"column":18},"end":{"line":24,"column":2}},"1":{"start":{"line":26,"column":49},"end":{"line":54,"column":1}},"2":{"start":{"line":27,"column":18},"end":{"line":27,"column":29}},"3":{"start":{"line":28,"column":17},"end":{"line":28,"column":30}},"4":{"start":{"line":30,"column":22},"end":{"line":32,"column":3}},"5":{"start":{"line":31,"column":4},"end":{"line":31,"column":25}},"6":{"start":{"line":33,"column":2},"end":{"line":53,"column":4}}},"fnMap":{"0":{"name":"(anonymous_0)","decl":{"start":{"line":26,"column":49},"end":{"line":26,"column":50}},"loc":{"start":{"line":26,"column":60},"end":{"line":54,"column":1}},"line":26},"1":{"name":"(anonymous_1)","decl":{"start":{"line":30,"column":22},"end":{"line":30,"column":23}},"loc":{"start":{"line":30,"column":28},"end":{"line":32,"column":3}},"line":30}},"branchMap":{},"s":{"0":4,"1":4,"2":109,"3":109,"4":109,"5":0,"6":109},"f":{"0":109,"1":0},"b":{},"_coverageSchema":"1a1c01bbd47fc00a2c39e90264f33305004495a9","hash":"b9c0e4e9e83b1c02bea3dbd0da5747968f4adc40"}
,"/home/afreenm/Blinklist-axios/src/stories/Button.stories.tsx": {"path":"/home/afreenm/Blinklist-axios/src/stories/Button.stories.tsx","statementMap":{"0":{"start":{"line":17,"column":48},"end":{"line":17,"column":78}},"1":{"start":{"line":17,"column":58},"end":{"line":17,"column":78}},"2":{"start":{"line":19,"column":23},"end":{"line":19,"column":40}},"3":{"start":{"line":21,"column":0},"end":{"line":24,"column":2}},"4":{"start":{"line":26,"column":25},"end":{"line":26,"column":42}},"5":{"start":{"line":27,"column":0},"end":{"line":29,"column":2}},"6":{"start":{"line":31,"column":21},"end":{"line":31,"column":38}},"7":{"start":{"line":32,"column":0},"end":{"line":35,"column":2}},"8":{"start":{"line":37,"column":21},"end":{"line":37,"column":38}},"9":{"start":{"line":38,"column":0},"end":{"line":41,"column":2}}},"fnMap":{"0":{"name":"(anonymous_0)","decl":{"start":{"line":17,"column":48},"end":{"line":17,"column":49}},"loc":{"start":{"line":17,"column":58},"end":{"line":17,"column":78}},"line":17}},"branchMap":{},"s":{"0":0,"1":0,"2":0,"3":0,"4":0,"5":0,"6":0,"7":0,"8":0,"9":0},"f":{"0":0},"b":{}}
,"/home/afreenm/Blinklist-axios/src/stories/Button.tsx": {"path":"/home/afreenm/Blinklist-axios/src/stories/Button.tsx","statementMap":{"0":{"start":{"line":30,"column":22},"end":{"line":48,"column":1}},"1":{"start":{"line":37,"column":15},"end":{"line":37,"column":84}},"2":{"start":{"line":38,"column":2},"end":{"line":47,"column":4}}},"fnMap":{"0":{"name":"(anonymous_0)","decl":{"start":{"line":30,"column":22},"end":{"line":30,"column":23}},"loc":{"start":{"line":36,"column":19},"end":{"line":48,"column":1}},"line":36}},"branchMap":{"0":{"loc":{"start":{"line":31,"column":2},"end":{"line":31,"column":17}},"type":"default-arg","locations":[{"start":{"line":31,"column":12},"end":{"line":31,"column":17}}],"line":31},"1":{"loc":{"start":{"line":32,"column":2},"end":{"line":32,"column":17}},"type":"default-arg","locations":[{"start":{"line":32,"column":9},"end":{"line":32,"column":17}}],"line":32},"2":{"loc":{"start":{"line":37,"column":15},"end":{"line":37,"column":84}},"type":"cond-expr","locations":[{"start":{"line":37,"column":25},"end":{"line":37,"column":52}},{"start":{"line":37,"column":55},"end":{"line":37,"column":84}}],"line":37}},"s":{"0":0,"1":0,"2":0},"f":{"0":0},"b":{"0":[0],"1":[0],"2":[0,0]}}
,"/home/afreenm/Blinklist-axios/src/stories/Header.stories.tsx": {"path":"/home/afreenm/Blinklist-axios/src/stories/Header.stories.tsx","statementMap":{"0":{"start":{"line":15,"column":48},"end":{"line":15,"column":78}},"1":{"start":{"line":15,"column":58},"end":{"line":15,"column":78}},"2":{"start":{"line":17,"column":24},"end":{"line":17,"column":41}},"3":{"start":{"line":18,"column":0},"end":{"line":22,"column":2}},"4":{"start":{"line":24,"column":25},"end":{"line":24,"column":42}},"5":{"start":{"line":25,"column":0},"end":{"line":25,"column":20}}},"fnMap":{"0":{"name":"(anonymous_0)","decl":{"start":{"line":15,"column":48},"end":{"line":15,"column":49}},"loc":{"start":{"line":15,"column":58},"end":{"line":15,"column":78}},"line":15}},"branchMap":{},"s":{"0":0,"1":0,"2":0,"3":0,"4":0,"5":0},"f":{"0":0},"b":{}}
,"/home/afreenm/Blinklist-axios/src/stories/Header.tsx": {"path":"/home/afreenm/Blinklist-axios/src/stories/Header.tsx","statementMap":{"0":{"start":{"line":17,"column":22},"end":{"line":56,"column":1}},"1":{"start":{"line":18,"column":2},"end":{"line":55,"column":11}}},"fnMap":{"0":{"name":"(anonymous_0)","decl":{"start":{"line":17,"column":22},"end":{"line":17,"column":23}},"loc":{"start":{"line":18,"column":2},"end":{"line":55,"column":11}},"line":18}},"branchMap":{"0":{"loc":{"start":{"line":40,"column":9},"end":{"line":52,"column":9}},"type":"cond-expr","locations":[{"start":{"line":41,"column":10},"end":{"line":46,"column":13}},{"start":{"line":48,"column":10},"end":{"line":51,"column":13}}],"line":40}},"s":{"0":0,"1":0},"f":{"0":0},"b":{"0":[0,0]}}
,"/home/afreenm/Blinklist-axios/src/stories/Page.stories.tsx": {"path":"/home/afreenm/Blinklist-axios/src/stories/Page.stories.tsx","statementMap":{"0":{"start":{"line":15,"column":46},"end":{"line":15,"column":74}},"1":{"start":{"line":15,"column":56},"end":{"line":15,"column":74}},"2":{"start":{"line":17,"column":25},"end":{"line":17,"column":42}},"3":{"start":{"line":19,"column":24},"end":{"line":19,"column":41}},"4":{"start":{"line":22,"column":0},"end":{"line":26,"column":2}},"5":{"start":{"line":23,"column":17},"end":{"line":23,"column":38}},"6":{"start":{"line":24,"column":22},"end":{"line":24,"column":75}},"7":{"start":{"line":25,"column":2},"end":{"line":25,"column":37}}},"fnMap":{"0":{"name":"(anonymous_0)","decl":{"start":{"line":15,"column":46},"end":{"line":15,"column":47}},"loc":{"start":{"line":15,"column":56},"end":{"line":15,"column":74}},"line":15},"1":{"name":"(anonymous_1)","decl":{"start":{"line":22,"column":16},"end":{"line":22,"column":17}},"loc":{"start":{"line":22,"column":45},"end":{"line":26,"column":1}},"line":22}},"branchMap":{},"s":{"0":0,"1":0,"2":0,"3":0,"4":0,"5":0,"6":0,"7":0},"f":{"0":0,"1":0},"b":{}}
,"/home/afreenm/Blinklist-axios/src/stories/Page.tsx": {"path":"/home/afreenm/Blinklist-axios/src/stories/Page.tsx","statementMap":{"0":{"start":{"line":10,"column":31},"end":{"line":73,"column":1}},"1":{"start":{"line":11,"column":26},"end":{"line":11,"column":48}},"2":{"start":{"line":13,"column":2},"end":{"line":72,"column":4}},"3":{"start":{"line":17,"column":23},"end":{"line":17,"column":52}},"4":{"start":{"line":18,"column":24},"end":{"line":18,"column":42}},"5":{"start":{"line":19,"column":31},"end":{"line":19,"column":60}}},"fnMap":{"0":{"name":"(anonymous_0)","decl":{"start":{"line":10,"column":31},"end":{"line":10,"column":32}},"loc":{"start":{"line":10,"column":37},"end":{"line":73,"column":1}},"line":10},"1":{"name":"(anonymous_1)","decl":{"start":{"line":17,"column":17},"end":{"line":17,"column":18}},"loc":{"start":{"line":17,"column":23},"end":{"line":17,"column":52}},"line":17},"2":{"name":"(anonymous_2)","decl":{"start":{"line":18,"column":18},"end":{"line":18,"column":19}},"loc":{"start":{"line":18,"column":24},"end":{"line":18,"column":42}},"line":18},"3":{"name":"(anonymous_3)","decl":{"start":{"line":19,"column":25},"end":{"line":19,"column":26}},"loc":{"start":{"line":19,"column":31},"end":{"line":19,"column":60}},"line":19}},"branchMap":{},"s":{"0":0,"1":0,"2":0,"3":0,"4":0,"5":0},"f":{"0":0,"1":0,"2":0,"3":0},"b":{}}
}
